1: program max;
2: 
3: -- Reads two integers and prints the maximum
4: 
5: var a, b : integer;
6: 
7: begin
8: read(a,b);
9: 
10: if (a >= b) then
11: write(a);
12: if (b > a) then
13: write(b);
14: end.

--------- Symbol Table ----------
-> do
-> while
-> then
-> if
-> real
-> integer
-> var
-> write
-> read
-> end
-> end.
-> begin
-> program

Total: 13
 
----- END Symbol Table ----------

program max;
 
Matched :ProgramSym
Matched :Id
Matched :SemiColon


 

-- Reads two integers and prints the maximum
 


 

var a, b : integer;
 
Matched :VarSym
Matched :Id
Matched :Comma
Matched :Id
Matched :IntSym
Matched :SemiColon


 

begin
 
Matched :BeginSym

read(a,b);
 
Matched :ReadSym
Matched :LParen
Matched :Id
Matched :Comma
Matched :Id
Matched :RParen
Matched :SemiColon


 

if (a >= b) then
 
Matched :IfSym
Matched :LParen
Matched :Id
Matched :GreaterEq
Matched :Id
Matched :RParen
Matched :ThenSym

write(a);
 
Matched :WriteSym
Matched :LParen
Matched :Id
Matched :RParen
Matched :SemiColon

if (b > a) then
 
Matched :IfSym
Matched :LParen
Matched :Id
Matched :Greater
Matched :Id
Matched :RParen
Matched :ThenSym

write(b);
 
Matched :WriteSym
Matched :LParen
Matched :Id
Matched :RParen
Matched :SemiColon

end.
 
Matched :EndProgramSym

ÿ 
Matched :EofSym

--------- Symbol Table ----------
-> b
-> a
-> max
-> program
-> begin
-> end.
-> end
-> read
-> write
-> var
-> integer
-> real
-> if
-> then
-> while
-> do

Total: 16
 
----- END Symbol Table ----------

Compilation Successful.
